<?xml version="1.0" encoding="UTF-8"?>
<testsuite name="kr.co.shineware.nlp.lunece.tokenizer.TokenizerRunTest" tests="1" skipped="0" failures="0" errors="0" timestamp="2019-10-30T15:48:36" hostname="DESKTOP-PFTIASU" time="1.479">
  <properties/>
  <testcase name="analyzeTest" classname="kr.co.shineware.nlp.lunece.tokenizer.TokenizerRunTest" time="1.479"/>
  <system-out><![CDATA[저
NP
0 : 1
는
JX
1 : 2
이번
NNG
3 : 5
에
JKB
5 : 6
바람과 함께 사라지다
NNP
7 : 18
를
JKO
18 : 19
보
VV
20 : 21
았
EP
20 : 21
어요
EC
21 : 23
]]></system-out>
  <system-err><![CDATA[]]></system-err>
</testsuite>
